<?xml version="1.0" encoding="UTF-8"?>
<!-- Generated by org.testng.reporters.JUnitReportReporter -->
<testsuite hostname="RAHUL-VAIO" name="com.crm.vtiger.createproductTest.create_product" tests="1" failures="0" timestamp="15 Dec 2018 23:30:40 GMT" time="23.746" errors="0">
  <testcase name="create_product" time="23.746" classname="com.crm.vtiger.createproductTest.create_product"/>
</testsuite> <!-- com.crm.vtiger.createproductTest.create_product -->
