<?xml version="1.0" encoding="UTF-8"?>
<!-- Generated by org.testng.reporters.JUnitReportReporter -->
<testsuite hostname="RAHUL-VAIO" name="seleniumwebdriver.create_contact" tests="1" failures="0" timestamp="13 Dec 2018 09:26:03 GMT" time="34.265" errors="0">
  <testcase name="create_contact_Test" time="34.265" classname="seleniumwebdriver.create_contact"/>
</testsuite> <!-- seleniumwebdriver.create_contact -->
