<?xml version="1.0" encoding="UTF-8"?>
<!-- Generated by org.testng.reporters.JUnitReportReporter -->
<testsuite hostname="RAHUL-VAIO" name="com.crm.vtiger.createorganizationTest.create_organization" tests="1" failures="0" timestamp="15 Dec 2018 23:26:42 GMT" time="20.858" errors="0">
  <testcase name="create_organization_test" time="20.858" classname="com.crm.vtiger.createorganizationTest.create_organization"/>
</testsuite> <!-- com.crm.vtiger.createorganizationTest.create_organization -->
