<?xml version="1.0" encoding="UTF-8"?>
<!-- Generated by org.testng.reporters.JUnitReportReporter -->
<testsuite hostname="RAHUL-VAIO" name="com.crm.organization.ObjectRepository.verifyOrganization" tests="1" failures="0" timestamp="23 Dec 2018 07:58:29 GMT" time="17.807" errors="0">
  <testcase name="createContact" time="17.807" classname="com.crm.organization.ObjectRepository.verifyOrganization"/>
</testsuite> <!-- com.crm.organization.ObjectRepository.verifyOrganization -->
