<?xml version="1.0" encoding="UTF-8"?>
<!-- Generated by org.testng.reporters.JUnitReportReporter -->
<testsuite hostname="RAHUL-VAIO" name="com.crm.vtiger.EndToEndTest.endToEndTest" tests="1" failures="0" timestamp="15 Dec 2018 23:08:30 GMT" time="82.908" errors="0">
  <testcase name="create_organization_test" time="82.908" classname="com.crm.vtiger.EndToEndTest.endToEndTest"/>
</testsuite> <!-- com.crm.vtiger.EndToEndTest.endToEndTest -->
