<?xml version="1.0" encoding="UTF-8"?>
<!-- Generated by org.testng.reporters.JUnitReportReporter -->
<testsuite hostname="RAHUL-VAIO" name="com.crm.vtiger.createquoteTest.create_quote" tests="1" failures="0" timestamp="15 Dec 2018 22:19:34 GMT" time="36.410" errors="0">
  <testcase name="create_quote_Test" time="36.410" classname="com.crm.vtiger.createquoteTest.create_quote"/>
</testsuite> <!-- com.crm.vtiger.createquoteTest.create_quote -->
