<?xml version="1.0" encoding="UTF-8"?>
<!-- Generated by org.testng.reporters.JUnitReportReporter -->
<testsuite hostname="RAHUL-VAIO" name="com.crm.vtiger.createContact.createContactTest" tests="1" failures="0" timestamp="21 Dec 2018 08:59:40 GMT" time="26.467" errors="0">
  <testcase name="createContact" time="26.467" classname="com.crm.vtiger.createContact.createContactTest"/>
</testsuite> <!-- com.crm.vtiger.createContact.createContactTest -->
